<?xml version="1.0" encoding="UTF-8"?>
<coverage generated="1785926565586" clover="3.2.0">
  <project timestamp="1785926565586" name="All files">
    <metrics statements="22" coveredstatements="18" conditionals="3" coveredconditionals="2" methods="0" coveredmethods="0" elements="25" coveredelements="20" complexity="0" loc="22" ncloc="22" packages="1" files="1" classes="1"/>
    <file name="server.ts" path="/Users/lida.sharifi/dev/t6/team6-frontend/src/server.ts">
      <metrics statements="22" coveredstatements="18" conditionals="3" coveredconditionals="2" methods="0" coveredmethods="0"/>
      <line num="1" count="1" type="stmt"/>
      <line num="5" count="1" type="stmt"/>
      <line num="6" count="1" type="stmt"/>
      <line num="7" count="1" type="stmt"/>
      <line num="9" count="1" type="stmt"/>
      <line num="10" count="1" type="stmt"/>
      <line num="11" count="1" type="stmt"/>
      <line num="12" count="1" type="stmt"/>
      <line num="14" count="1" type="cond" truecount="1" falsecount="0"/>
      <line num="15" count="1" type="stmt"/>
      <line num="16" count="1" type="stmt"/>
      <line num="18" count="1" type="cond" truecount="1" falsecount="0"/>
      <line num="19" count="1" type="stmt"/>
      <line num="20" count="1" type="stmt"/>
      <line num="21" count="1" type="stmt"/>
      <line num="22" count="1" type="stmt"/>
      <line num="23" count="1" type="stmt"/>
      <line num="25" count="1" type="cond" truecount="0" falsecount="1"/>
      <line num="26" count="0" type="stmt"/>
      <line num="27" count="0" type="stmt"/>
      <line num="28" count="0" type="stmt"/>
      <line num="29" count="0" type="stmt"/>
    </file>
  </project>
</coverage>
